<?xml version="1.0" encoding="UTF-8"?>
<!-- Generated by org.testng.reporters.JUnitReportReporter -->
<testsuite hostname="DESKTOP-Q6T6G1N" name="demoProject.TestClass1" tests="3" failures="0" timestamp="30 Aug 2019 02:46:39 GMT" time="17.368" errors="0">
  <testcase name="Test2" time="6.596" classname="demoProject.TestClass1"/>
  <testcase name="Test3" time="5.607" classname="demoProject.TestClass1"/>
  <testcase name="Test1" time="5.165" classname="demoProject.TestClass1"/>
</testsuite> <!-- demoProject.TestClass1 -->
